<?xml version="1.0" encoding="UTF-8"?>
<!-- Generated by org.testng.reporters.JUnitReportReporter -->
<testsuite hostname="CSCO-W-PF2S5915" failures="0" tests="2" name="test.Testcase1" time="0.004" errors="0" timestamp="2021-10-26T10:16:27 IST" skipped="1">
  <testcase classname="test.Testcase1" name="HomeLoanTest" time="0.004"/>
  <system-out/>
  <testcase classname="test.Testcase1" name="CarLoanTest">
    <skipped/>
  </testcase> <!-- CarLoanTest -->
  <system-out/>
</testsuite> <!-- test.Testcase1 -->
