<?xml version="1.0" encoding="UTF-8"?>
<!-- Generated by org.testng.reporters.JUnitReportReporter -->
<testsuite hostname="CSCO-W-PF2S5915" failures="0" tests="2" name="test.TestAnnotations" time="0.002" errors="0" timestamp="2021-10-26T10:02:56 IST" skipped="0">
  <testcase classname="test.TestAnnotations" name="Test2" time="0.001"/>
  <system-out/>
  <testcase classname="test.TestAnnotations" name="Test1" time="0.001"/>
  <system-out/>
</testsuite> <!-- test.TestAnnotations -->
