<?xml version="1.0" encoding="UTF-8"?>
<!-- Generated by org.testng.reporters.JUnitReportReporter -->
<testsuite hostname="CSCO-W-PF2S5915" failures="0" tests="1" name="test.Testcase2" time="0.004" errors="0" timestamp="2021-10-26T10:02:56 IST" skipped="0">
  <testcase classname="test.Testcase2" name="CreditCardTest" time="0.004"/>
  <system-out/>
</testsuite> <!-- test.Testcase2 -->
