<?xml version="1.0" encoding="UTF-8"?>
<!-- Generated by org.testng.reporters.JUnitReportReporter -->
<testsuite hostname="CSCO-W-PF2S5915" failures="0" tests="2" name="test.LoginTest" time="26.077" errors="0" timestamp="2021-11-08T11:31:01 IST" skipped="0">
  <testcase classname="test.LoginTest" name="PositiveLogin" time="12.093"/>
  <system-out/>
  <testcase classname="test.LoginTest" name="NegativeLogin" time="13.984"/>
  <system-out/>
</testsuite> <!-- test.LoginTest -->
